[0.106s] [34mcolcon[0m [1;30mDEBUG[0m [32mCommand line arguments: ['/Users/dcyoung/miniconda3/envs/ros_env/bin/colcon', 'build'][0m
[0.106s] [34mcolcon[0m [1;30mDEBUG[0m [32mParsed command line arguments: Namespace(log_base=None, log_level=None, verb_name='build', build_base='build', install_base='install', merge_install=False, symlink_install=False, test_result_base=None, continue_on_error=False, executor='parallel', parallel_workers=12, event_handlers=None, ignore_user_meta=False, metas=['./colcon.meta'], base_paths=['.'], packages_ignore=None, packages_ignore_regex=None, paths=None, packages_up_to=None, packages_up_to_regex=None, packages_above=None, packages_above_and_dependencies=None, packages_above_depth=None, packages_select_by_dep=None, packages_skip_by_dep=None, packages_skip_up_to=None, packages_select_build_failed=False, packages_skip_build_finished=False, packages_select_test_failures=False, packages_skip_test_passed=False, packages_select=None, packages_skip=None, packages_select_regex=None, packages_skip_regex=None, packages_start=None, packages_end=None, cmake_args=None, cmake_target=None, cmake_target_skip_unavailable=False, cmake_clean_cache=False, cmake_clean_first=False, cmake_force_configure=False, ament_cmake_args=None, catkin_cmake_args=None, catkin_skip_building_tests=False, verb_parser=<colcon_defaults.argument_parser.defaults.DefaultArgumentsDecorator object at 0x11a4081d0>, verb_extension=<colcon_core.verb.build.BuildVerb object at 0x11a409190>, main=<bound method BuildVerb.main of <colcon_core.verb.build.BuildVerb object at 0x11a409190>>)[0m
[0.133s] [34mcolcon.colcon_core.package_discovery[0m [1;30mLevel 1[0m discover_packages(colcon_meta) check parameters
[0.133s] [34mcolcon.colcon_core.package_discovery[0m [1;30mLevel 1[0m discover_packages(recursive) check parameters
[0.133s] [34mcolcon.colcon_core.package_discovery[0m [1;30mLevel 1[0m discover_packages(ignore) check parameters
[0.133s] [34mcolcon.colcon_core.package_discovery[0m [1;30mLevel 1[0m discover_packages(path) check parameters
[0.133s] [34mcolcon.colcon_core.package_discovery[0m [1;30mLevel 1[0m discover_packages(colcon_meta) discover
[0.133s] [34mcolcon.colcon_core.package_discovery[0m [1;30mLevel 1[0m discover_packages(recursive) discover
[0.133s] [34mcolcon.colcon_core.package_discovery[0m [1;30mINFO[0m Crawling recursively for packages in '/Users/dcyoung/github/animatronics/ros2_ws'
[0.133s] [34mcolcon.colcon_core.package_identification[0m [1;30mLevel 1[0m _identify(.) by extensions ['ignore', 'ignore_ament_install']
[0.133s] [34mcolcon.colcon_core.package_identification[0m [1;30mLevel 1[0m _identify(.) by extension 'ignore'
[0.133s] [34mcolcon.colcon_core.package_identification[0m [1;30mLevel 1[0m _identify(.) by extension 'ignore_ament_install'
[0.133s] [34mcolcon.colcon_core.package_identification[0m [1;30mLevel 1[0m _identify(.) by extensions ['colcon_pkg']
[0.133s] [34mcolcon.colcon_core.package_identification[0m [1;30mLevel 1[0m _identify(.) by extension 'colcon_pkg'
[0.133s] [34mcolcon.colcon_core.package_identification[0m [1;30mLevel 1[0m _identify(.) by extensions ['colcon_meta']
[0.133s] [34mcolcon.colcon_core.package_identification[0m [1;30mLevel 1[0m _identify(.) by extension 'colcon_meta'
[0.133s] [34mcolcon.colcon_core.package_identification[0m [1;30mLevel 1[0m _identify(.) by extensions ['ros']
[0.133s] [34mcolcon.colcon_core.package_identification[0m [1;30mLevel 1[0m _identify(.) by extension 'ros'
[0.151s] [34mcolcon.colcon_core.package_identification[0m [1;30mLevel 1[0m _identify(.) by extensions ['cmake', 'python']
[0.151s] [34mcolcon.colcon_core.package_identification[0m [1;30mLevel 1[0m _identify(.) by extension 'cmake'
[0.151s] [34mcolcon.colcon_core.package_identification[0m [1;30mLevel 1[0m _identify(.) by extension 'python'
[0.151s] [34mcolcon.colcon_core.package_identification[0m [1;30mLevel 1[0m _identify(.) by extensions ['python_setup_py']
[0.151s] [34mcolcon.colcon_core.package_identification[0m [1;30mLevel 1[0m _identify(.) by extension 'python_setup_py'
[0.151s] [34mcolcon.colcon_core.package_identification[0m [1;30mLevel 1[0m _identify(build) by extensions ['ignore', 'ignore_ament_install']
[0.151s] [34mcolcon.colcon_core.package_identification[0m [1;30mLevel 1[0m _identify(build) by extension 'ignore'
[0.151s] [34mcolcon.colcon_core.package_identification[0m [1;30mLevel 1[0m _identify(build) ignored
[0.151s] [34mcolcon.colcon_core.package_identification[0m [1;30mLevel 1[0m _identify(install) by extensions ['ignore', 'ignore_ament_install']
[0.151s] [34mcolcon.colcon_core.package_identification[0m [1;30mLevel 1[0m _identify(install) by extension 'ignore'
[0.152s] [34mcolcon.colcon_core.package_identification[0m [1;30mLevel 1[0m _identify(install) ignored
[0.152s] [34mcolcon.colcon_core.package_identification[0m [1;30mLevel 1[0m _identify(log) by extensions ['ignore', 'ignore_ament_install']
[0.152s] [34mcolcon.colcon_core.package_identification[0m [1;30mLevel 1[0m _identify(log) by extension 'ignore'
[0.152s] [34mcolcon.colcon_core.package_identification[0m [1;30mLevel 1[0m _identify(log) ignored
[0.152s] [34mcolcon.colcon_core.package_identification[0m [1;30mLevel 1[0m _identify(src) by extensions ['ignore', 'ignore_ament_install']
[0.152s] [34mcolcon.colcon_core.package_identification[0m [1;30mLevel 1[0m _identify(src) by extension 'ignore'
[0.152s] [34mcolcon.colcon_core.package_identification[0m [1;30mLevel 1[0m _identify(src) by extension 'ignore_ament_install'
[0.152s] [34mcolcon.colcon_core.package_identification[0m [1;30mLevel 1[0m _identify(src) by extensions ['colcon_pkg']
[0.152s] [34mcolcon.colcon_core.package_identification[0m [1;30mLevel 1[0m _identify(src) by extension 'colcon_pkg'
[0.152s] [34mcolcon.colcon_core.package_identification[0m [1;30mLevel 1[0m _identify(src) by extensions ['colcon_meta']
[0.152s] [34mcolcon.colcon_core.package_identification[0m [1;30mLevel 1[0m _identify(src) by extension 'colcon_meta'
[0.152s] [34mcolcon.colcon_core.package_identification[0m [1;30mLevel 1[0m _identify(src) by extensions ['ros']
[0.152s] [34mcolcon.colcon_core.package_identification[0m [1;30mLevel 1[0m _identify(src) by extension 'ros'
[0.152s] [34mcolcon.colcon_core.package_identification[0m [1;30mLevel 1[0m _identify(src) by extensions ['cmake', 'python']
[0.152s] [34mcolcon.colcon_core.package_identification[0m [1;30mLevel 1[0m _identify(src) by extension 'cmake'
[0.152s] [34mcolcon.colcon_core.package_identification[0m [1;30mLevel 1[0m _identify(src) by extension 'python'
[0.152s] [34mcolcon.colcon_core.package_identification[0m [1;30mLevel 1[0m _identify(src) by extensions ['python_setup_py']
[0.152s] [34mcolcon.colcon_core.package_identification[0m [1;30mLevel 1[0m _identify(src) by extension 'python_setup_py'
[0.152s] [34mcolcon.colcon_core.package_identification[0m [1;30mLevel 1[0m _identify(src/wheatley) by extensions ['ignore', 'ignore_ament_install']
[0.152s] [34mcolcon.colcon_core.package_identification[0m [1;30mLevel 1[0m _identify(src/wheatley) by extension 'ignore'
[0.152s] [34mcolcon.colcon_core.package_identification[0m [1;30mLevel 1[0m _identify(src/wheatley) by extension 'ignore_ament_install'
[0.152s] [34mcolcon.colcon_core.package_identification[0m [1;30mLevel 1[0m _identify(src/wheatley) by extensions ['colcon_pkg']
[0.152s] [34mcolcon.colcon_core.package_identification[0m [1;30mLevel 1[0m _identify(src/wheatley) by extension 'colcon_pkg'
[0.152s] [34mcolcon.colcon_core.package_identification[0m [1;30mLevel 1[0m _identify(src/wheatley) by extensions ['colcon_meta']
[0.152s] [34mcolcon.colcon_core.package_identification[0m [1;30mLevel 1[0m _identify(src/wheatley) by extension 'colcon_meta'
[0.152s] [34mcolcon.colcon_core.package_identification[0m [1;30mLevel 1[0m _identify(src/wheatley) by extensions ['ros']
[0.152s] [34mcolcon.colcon_core.package_identification[0m [1;30mLevel 1[0m _identify(src/wheatley) by extension 'ros'
[0.154s] [34mcolcon.colcon_core.package_identification[0m [1;30mDEBUG[0m [32mPackage 'src/wheatley' with type 'ros.ament_python' and name 'wheatley'[0m
[0.154s] [34mcolcon.colcon_core.package_discovery[0m [1;30mLevel 1[0m discover_packages(recursive) using defaults
[0.154s] [34mcolcon.colcon_core.package_discovery[0m [1;30mLevel 1[0m discover_packages(ignore) discover
[0.154s] [34mcolcon.colcon_core.package_discovery[0m [1;30mLevel 1[0m discover_packages(ignore) using defaults
[0.154s] [34mcolcon.colcon_core.package_discovery[0m [1;30mLevel 1[0m discover_packages(path) discover
[0.154s] [34mcolcon.colcon_core.package_discovery[0m [1;30mLevel 1[0m discover_packages(path) using defaults
[0.164s] [34mcolcon.colcon_core.verb[0m [1;30mLevel 5[0m set package 'wheatley' build argument 'cmake_args' from command line to 'None'
[0.164s] [34mcolcon.colcon_core.verb[0m [1;30mLevel 5[0m set package 'wheatley' build argument 'cmake_target' from command line to 'None'
[0.164s] [34mcolcon.colcon_core.verb[0m [1;30mLevel 5[0m set package 'wheatley' build argument 'cmake_target_skip_unavailable' from command line to 'False'
[0.164s] [34mcolcon.colcon_core.verb[0m [1;30mLevel 5[0m set package 'wheatley' build argument 'cmake_clean_cache' from command line to 'False'
[0.164s] [34mcolcon.colcon_core.verb[0m [1;30mLevel 5[0m set package 'wheatley' build argument 'cmake_clean_first' from command line to 'False'
[0.164s] [34mcolcon.colcon_core.verb[0m [1;30mLevel 5[0m set package 'wheatley' build argument 'cmake_force_configure' from command line to 'False'
[0.164s] [34mcolcon.colcon_core.verb[0m [1;30mLevel 5[0m set package 'wheatley' build argument 'ament_cmake_args' from command line to 'None'
[0.164s] [34mcolcon.colcon_core.verb[0m [1;30mLevel 5[0m set package 'wheatley' build argument 'catkin_cmake_args' from command line to 'None'
[0.164s] [34mcolcon.colcon_core.verb[0m [1;30mLevel 5[0m set package 'wheatley' build argument 'catkin_skip_building_tests' from command line to 'False'
[0.164s] [34mcolcon.colcon_core.verb[0m [1;30mDEBUG[0m [32mBuilding package 'wheatley' with the following arguments: {'ament_cmake_args': None, 'build_base': '/Users/dcyoung/github/animatronics/ros2_ws/build/wheatley', 'catkin_cmake_args': None, 'catkin_skip_building_tests': False, 'cmake_args': None, 'cmake_clean_cache': False, 'cmake_clean_first': False, 'cmake_force_configure': False, 'cmake_target': None, 'cmake_target_skip_unavailable': False, 'install_base': '/Users/dcyoung/github/animatronics/ros2_ws/install/wheatley', 'merge_install': False, 'path': '/Users/dcyoung/github/animatronics/ros2_ws/src/wheatley', 'symlink_install': False, 'test_result_base': None}[0m
[0.164s] [34mcolcon.colcon_core.executor[0m [1;30mINFO[0m Executing jobs using 'parallel' executor
[0.164s] [34mcolcon.colcon_parallel_executor.executor.parallel[0m [1;30mDEBUG[0m [32mrun_until_complete[0m
[0.164s] [34mcolcon.colcon_ros.task.ament_python.build[0m [1;30mINFO[0m Building ROS package in '/Users/dcyoung/github/animatronics/ros2_ws/src/wheatley' with build type 'ament_python'
[0.165s] [34mcolcon.colcon_core.shell[0m [1;30mLevel 1[0m create_environment_hook('wheatley', 'ament_prefix_path')
[0.166s] [34mcolcon.colcon_core.plugin_system[0m [1;30mINFO[0m Skipping extension 'colcon_core.shell.bat': Not used on non-Windows systems
[0.166s] [34mcolcon.colcon_core.shell[0m [1;30mINFO[0m Creating environment hook '/Users/dcyoung/github/animatronics/ros2_ws/install/wheatley/share/wheatley/hook/ament_prefix_path.ps1'
[0.166s] [34mcolcon.colcon_core.shell[0m [1;30mINFO[0m Creating environment descriptor '/Users/dcyoung/github/animatronics/ros2_ws/install/wheatley/share/wheatley/hook/ament_prefix_path.dsv'
[0.167s] [34mcolcon.colcon_core.shell[0m [1;30mINFO[0m Creating environment hook '/Users/dcyoung/github/animatronics/ros2_ws/install/wheatley/share/wheatley/hook/ament_prefix_path.sh'
[0.167s] [34mcolcon.colcon_core.shell[0m [1;30mINFO[0m Skip shell extension 'powershell' for command environment: Not usable outside of PowerShell
[0.167s] [34mcolcon.colcon_core.shell[0m [1;30mDEBUG[0m [32mSkip shell extension 'dsv' for command environment[0m
[0.324s] [34mcolcon.colcon_core.task.python.build[0m [1;30mINFO[0m Building Python package in '/Users/dcyoung/github/animatronics/ros2_ws/src/wheatley'
[0.325s] [34mcolcon.colcon_core.shell[0m [1;30mINFO[0m Skip shell extension 'powershell' for command environment: Not usable outside of PowerShell
[0.325s] [34mcolcon.colcon_core.shell[0m [1;30mDEBUG[0m [32mSkip shell extension 'dsv' for command environment[0m
[0.586s] [34mcolcon.colcon_core.event_handler.log_command[0m [1;30mDEBUG[0m [32mInvoking command in '/Users/dcyoung/github/animatronics/ros2_ws/src/wheatley': CONDA_PROMPT_MODIFIER=(ros_env) PYTHONPATH=/Users/dcyoung/github/animatronics/ros2_ws/build/wheatley/prefix_override:/Users/dcyoung/miniconda3/envs/ros_env/lib/python3.12/site-packages/colcon_core/task/python/colcon_distutils_commands:/Users/dcyoung/github/animatronics/ros2_ws/install/wheatley/lib/python3.12/site-packages:${PYTHONPATH} SHLVL=2 _=/Users/dcyoung/miniconda3/envs/ros_env/bin/env /Users/dcyoung/miniconda3/envs/ros_env/bin/python3.12 -W ignore:setup.py install is deprecated -W ignore:easy_install command is deprecated setup.py egg_info --egg-base ../../build/wheatley build --build-base /Users/dcyoung/github/animatronics/ros2_ws/build/wheatley/build install --record /Users/dcyoung/github/animatronics/ros2_ws/build/wheatley/install.log --single-version-externally-managed install_data[0m
[0.853s] [34mcolcon.colcon_core.event_handler.log_command[0m [1;30mDEBUG[0m [32mInvoked command in '/Users/dcyoung/github/animatronics/ros2_ws/src/wheatley' returned '0': CONDA_PROMPT_MODIFIER=(ros_env) PYTHONPATH=/Users/dcyoung/github/animatronics/ros2_ws/build/wheatley/prefix_override:/Users/dcyoung/miniconda3/envs/ros_env/lib/python3.12/site-packages/colcon_core/task/python/colcon_distutils_commands:/Users/dcyoung/github/animatronics/ros2_ws/install/wheatley/lib/python3.12/site-packages:${PYTHONPATH} SHLVL=2 _=/Users/dcyoung/miniconda3/envs/ros_env/bin/env /Users/dcyoung/miniconda3/envs/ros_env/bin/python3.12 -W ignore:setup.py install is deprecated -W ignore:easy_install command is deprecated setup.py egg_info --egg-base ../../build/wheatley build --build-base /Users/dcyoung/github/animatronics/ros2_ws/build/wheatley/build install --record /Users/dcyoung/github/animatronics/ros2_ws/build/wheatley/install.log --single-version-externally-managed install_data[0m
[0.854s] [34mcolcon.colcon_core.environment[0m [1;30mLevel 1[0m checking '/Users/dcyoung/github/animatronics/ros2_ws/install/wheatley' for CMake module files
[0.855s] [34mcolcon.colcon_core.environment[0m [1;30mLevel 1[0m checking '/Users/dcyoung/github/animatronics/ros2_ws/install/wheatley' for CMake config files
[0.855s] [34mcolcon.colcon_core.environment[0m [1;30mLevel 1[0m checking '/Users/dcyoung/github/animatronics/ros2_ws/install/wheatley/lib'
[0.856s] [34mcolcon.colcon_core.environment[0m [1;30mLevel 1[0m checking '/Users/dcyoung/github/animatronics/ros2_ws/install/wheatley/bin'
[0.856s] [34mcolcon.colcon_core.environment[0m [1;30mLevel 1[0m checking '/Users/dcyoung/github/animatronics/ros2_ws/install/wheatley/lib/pkgconfig/wheatley.pc'
[0.856s] [34mcolcon.colcon_core.environment[0m [1;30mLevel 1[0m checking '/Users/dcyoung/github/animatronics/ros2_ws/install/wheatley/lib/python3.12/site-packages'
[0.856s] [34mcolcon.colcon_core.shell[0m [1;30mLevel 1[0m create_environment_hook('wheatley', 'pythonpath')
[0.856s] [34mcolcon.colcon_core.shell[0m [1;30mINFO[0m Creating environment hook '/Users/dcyoung/github/animatronics/ros2_ws/install/wheatley/share/wheatley/hook/pythonpath.ps1'
[0.856s] [34mcolcon.colcon_core.shell[0m [1;30mINFO[0m Creating environment descriptor '/Users/dcyoung/github/animatronics/ros2_ws/install/wheatley/share/wheatley/hook/pythonpath.dsv'
[0.856s] [34mcolcon.colcon_core.shell[0m [1;30mINFO[0m Creating environment hook '/Users/dcyoung/github/animatronics/ros2_ws/install/wheatley/share/wheatley/hook/pythonpath.sh'
[0.857s] [34mcolcon.colcon_core.environment[0m [1;30mLevel 1[0m checking '/Users/dcyoung/github/animatronics/ros2_ws/install/wheatley/bin'
[0.857s] [34mcolcon.colcon_core.environment[0m [1;30mLevel 1[0m create_environment_scripts_only(wheatley)
[0.857s] [34mcolcon.colcon_core.shell[0m [1;30mINFO[0m Creating package script '/Users/dcyoung/github/animatronics/ros2_ws/install/wheatley/share/wheatley/package.ps1'
[0.857s] [34mcolcon.colcon_core.shell[0m [1;30mINFO[0m Creating package descriptor '/Users/dcyoung/github/animatronics/ros2_ws/install/wheatley/share/wheatley/package.dsv'
[0.858s] [34mcolcon.colcon_core.shell[0m [1;30mINFO[0m Creating package script '/Users/dcyoung/github/animatronics/ros2_ws/install/wheatley/share/wheatley/package.sh'
[0.858s] [34mcolcon.colcon_core.shell[0m [1;30mINFO[0m Creating package script '/Users/dcyoung/github/animatronics/ros2_ws/install/wheatley/share/wheatley/package.bash'
[0.859s] [34mcolcon.colcon_core.shell[0m [1;30mINFO[0m Creating package script '/Users/dcyoung/github/animatronics/ros2_ws/install/wheatley/share/wheatley/package.zsh'
[0.859s] [34mcolcon.colcon_core.environment[0m [1;30mLevel 1[0m create_file_with_runtime_dependencies(/Users/dcyoung/github/animatronics/ros2_ws/install/wheatley/share/colcon-core/packages/wheatley)
[0.859s] [34mcolcon.colcon_parallel_executor.executor.parallel[0m [1;30mDEBUG[0m [32mclosing loop[0m
[0.859s] [34mcolcon.colcon_parallel_executor.executor.parallel[0m [1;30mDEBUG[0m [32mloop closed[0m
[0.859s] [34mcolcon.colcon_parallel_executor.executor.parallel[0m [1;30mDEBUG[0m [32mrun_until_complete finished with '0'[0m
[0.859s] [34mcolcon.colcon_core.event_reactor[0m [1;30mDEBUG[0m [32mjoining thread[0m
[0.860s] [34mcolcon.colcon_core.event_reactor[0m [1;30mDEBUG[0m [32mjoined thread[0m
[0.860s] [34mcolcon.colcon_core.shell[0m [1;30mINFO[0m Creating prefix script '/Users/dcyoung/github/animatronics/ros2_ws/install/local_setup.ps1'
[0.860s] [34mcolcon.colcon_core.shell[0m [1;30mINFO[0m Creating prefix util module '/Users/dcyoung/github/animatronics/ros2_ws/install/_local_setup_util_ps1.py'
[0.861s] [34mcolcon.colcon_core.shell[0m [1;30mINFO[0m Creating prefix chain script '/Users/dcyoung/github/animatronics/ros2_ws/install/setup.ps1'
[0.861s] [34mcolcon.colcon_core.shell[0m [1;30mINFO[0m Creating prefix script '/Users/dcyoung/github/animatronics/ros2_ws/install/local_setup.sh'
[0.862s] [34mcolcon.colcon_core.shell[0m [1;30mINFO[0m Creating prefix util module '/Users/dcyoung/github/animatronics/ros2_ws/install/_local_setup_util_sh.py'
[0.862s] [34mcolcon.colcon_core.shell[0m [1;30mINFO[0m Creating prefix chain script '/Users/dcyoung/github/animatronics/ros2_ws/install/setup.sh'
[0.862s] [34mcolcon.colcon_core.shell[0m [1;30mINFO[0m Creating prefix script '/Users/dcyoung/github/animatronics/ros2_ws/install/local_setup.bash'
[0.863s] [34mcolcon.colcon_core.shell[0m [1;30mINFO[0m Creating prefix chain script '/Users/dcyoung/github/animatronics/ros2_ws/install/setup.bash'
[0.863s] [34mcolcon.colcon_core.shell[0m [1;30mINFO[0m Creating prefix script '/Users/dcyoung/github/animatronics/ros2_ws/install/local_setup.zsh'
[0.863s] [34mcolcon.colcon_core.shell[0m [1;30mINFO[0m Creating prefix chain script '/Users/dcyoung/github/animatronics/ros2_ws/install/setup.zsh'
