[0.396s] Invoking command in '/Users/dcyoung/github/animatronics/ros2_ws/src/wheatley': CONDA_PROMPT_MODIFIER=(ros_env) PYTHONPATH=/Users/dcyoung/github/animatronics/ros2_ws/build/wheatley/prefix_override:/Users/dcyoung/miniconda3/envs/ros_env/lib/python3.12/site-packages/colcon_core/task/python/colcon_distutils_commands:/Users/dcyoung/github/animatronics/ros2_ws/install/wheatley/lib/python3.12/site-packages:${PYTHONPATH} SHLVL=2 _=/Users/dcyoung/miniconda3/envs/ros_env/bin/env /Users/dcyoung/miniconda3/envs/ros_env/bin/python3.12 -W ignore:setup.py install is deprecated -W ignore:easy_install command is deprecated setup.py egg_info --egg-base ../../build/wheatley build --build-base /Users/dcyoung/github/animatronics/ros2_ws/build/wheatley/build install --record /Users/dcyoung/github/animatronics/ros2_ws/build/wheatley/install.log --single-version-externally-managed install_data
[0.580s] running egg_info
[0.591s] writing ../../build/wheatley/wheatley.egg-info/PKG-INFO
[0.592s] writing dependency_links to ../../build/wheatley/wheatley.egg-info/dependency_links.txt
[0.592s] writing entry points to ../../build/wheatley/wheatley.egg-info/entry_points.txt
[0.592s] writing requirements to ../../build/wheatley/wheatley.egg-info/requires.txt
[0.592s] writing top-level names to ../../build/wheatley/wheatley.egg-info/top_level.txt
[0.617s] reading manifest file '../../build/wheatley/wheatley.egg-info/SOURCES.txt'
[0.617s] writing manifest file '../../build/wheatley/wheatley.egg-info/SOURCES.txt'
[0.618s] running build
[0.618s] running build_py
[0.618s] copying wheatley/__init__.py -> /Users/dcyoung/github/animatronics/ros2_ws/build/wheatley/build/lib/wheatley
[0.618s] copying wheatley/bot_state_publisher_node.py -> /Users/dcyoung/github/animatronics/ros2_ws/build/wheatley/build/lib/wheatley
[0.618s] copying wheatley/hello_world_node.py -> /Users/dcyoung/github/animatronics/ros2_ws/build/wheatley/build/lib/wheatley
[0.618s] running install
[0.622s] running install_lib
[0.635s] running install_data
[0.636s] copying resource/wheatley -> /Users/dcyoung/github/animatronics/ros2_ws/install/wheatley/share/ament_index/resource_index/packages
[0.636s] copying package.xml -> /Users/dcyoung/github/animatronics/ros2_ws/install/wheatley/share/wheatley
[0.636s] copying package.xml -> /Users/dcyoung/github/animatronics/ros2_ws/install/wheatley/share/wheatley
[0.636s] copying launch/start_all.launch.py -> /Users/dcyoung/github/animatronics/ros2_ws/install/wheatley/share/wheatley/launch
[0.637s] copying launch/hello.launch.py -> /Users/dcyoung/github/animatronics/ros2_ws/install/wheatley/share/wheatley/launch
[0.637s] copying urdf/bot.urdf.xml -> /Users/dcyoung/github/animatronics/ros2_ws/install/wheatley/share/wheatley/urdf
[0.637s] running install_egg_info
[0.648s] removing '/Users/dcyoung/github/animatronics/ros2_ws/install/wheatley/lib/python3.12/site-packages/wheatley-0.0.0-py3.12.egg-info' (and everything under it)
[0.649s] Copying ../../build/wheatley/wheatley.egg-info to /Users/dcyoung/github/animatronics/ros2_ws/install/wheatley/lib/python3.12/site-packages/wheatley-0.0.0-py3.12.egg-info
[0.650s] running install_scripts
[0.673s] Installing bot_state_publisher_node script to /Users/dcyoung/github/animatronics/ros2_ws/install/wheatley/lib/wheatley
[0.673s] Installing hello_world_node script to /Users/dcyoung/github/animatronics/ros2_ws/install/wheatley/lib/wheatley
[0.673s] writing list of installed files to '/Users/dcyoung/github/animatronics/ros2_ws/build/wheatley/install.log'
[0.685s] Invoked command in '/Users/dcyoung/github/animatronics/ros2_ws/src/wheatley' returned '0': CONDA_PROMPT_MODIFIER=(ros_env) PYTHONPATH=/Users/dcyoung/github/animatronics/ros2_ws/build/wheatley/prefix_override:/Users/dcyoung/miniconda3/envs/ros_env/lib/python3.12/site-packages/colcon_core/task/python/colcon_distutils_commands:/Users/dcyoung/github/animatronics/ros2_ws/install/wheatley/lib/python3.12/site-packages:${PYTHONPATH} SHLVL=2 _=/Users/dcyoung/miniconda3/envs/ros_env/bin/env /Users/dcyoung/miniconda3/envs/ros_env/bin/python3.12 -W ignore:setup.py install is deprecated -W ignore:easy_install command is deprecated setup.py egg_info --egg-base ../../build/wheatley build --build-base /Users/dcyoung/github/animatronics/ros2_ws/build/wheatley/build install --record /Users/dcyoung/github/animatronics/ros2_ws/build/wheatley/install.log --single-version-externally-managed install_data
